{"/Users/samanthasalvador/meet/src/App.jsx": {"path":"/Users/samanthasalvador/meet/src/App.jsx","statementMap":{"0":{"start":{"line":7,"column":12},"end":{"line":15,"column":1}},"1":{"start":{"line":8,"column":2},"end":{"line":14,"column":4}}},"fnMap":{"0":{"name":"(anonymous_0)","decl":{"start":{"line":7,"column":12},"end":{"line":7,"column":13}},"loc":{"start":{"line":7,"column":18},"end":{"line":15,"column":1}},"line":7}},"branchMap":{},"s":{"0":1,"1":3},"f":{"0":3},"b":{},"_coverageSchema":"1a1c01bbd47fc00a2c39e90264f33305004495a9","hash":"8d23afbd51c79bd76b1532dc0379c78f5f7cf061"}
,"/Users/samanthasalvador/meet/src/api.js": {"path":"/Users/samanthasalvador/meet/src/api.js","statementMap":{"0":{"start":{"line":5,"column":32},"end":{"line":9,"column":1}},"1":{"start":{"line":6,"column":29},"end":{"line":6,"column":66}},"2":{"start":{"line":6,"column":51},"end":{"line":6,"column":65}},"3":{"start":{"line":7,"column":20},"end":{"line":7,"column":52}},"4":{"start":{"line":8,"column":2},"end":{"line":8,"column":19}},"5":{"start":{"line":12,"column":25},"end":{"line":14,"column":1}},"6":{"start":{"line":13,"column":2},"end":{"line":13,"column":18}}},"fnMap":{"0":{"name":"(anonymous_0)","decl":{"start":{"line":5,"column":32},"end":{"line":5,"column":33}},"loc":{"start":{"line":5,"column":44},"end":{"line":9,"column":1}},"line":5},"1":{"name":"(anonymous_1)","decl":{"start":{"line":6,"column":40},"end":{"line":6,"column":41}},"loc":{"start":{"line":6,"column":51},"end":{"line":6,"column":65}},"line":6},"2":{"name":"(anonymous_2)","decl":{"start":{"line":12,"column":25},"end":{"line":12,"column":26}},"loc":{"start":{"line":12,"column":37},"end":{"line":14,"column":1}},"line":12}},"branchMap":{},"s":{"0":4,"1":2,"2":70,"3":2,"4":2,"5":4,"6":10},"f":{"0":2,"1":70,"2":10},"b":{},"_coverageSchema":"1a1c01bbd47fc00a2c39e90264f33305004495a9","hash":"a70d53c5b5d16f5a50de54580e193e8f08082597"}
,"/Users/samanthasalvador/meet/src/mock-data.js": {"path":"/Users/samanthasalvador/meet/src/mock-data.js","statementMap":{"0":{"start":{"line":1,"column":17},"end":{"line":1437,"column":1}}},"fnMap":{},"branchMap":{},"s":{"0":4},"f":{},"b":{},"_coverageSchema":"1a1c01bbd47fc00a2c39e90264f33305004495a9","hash":"d353b265384de5056d3214d5e2e93973923cea4b"}
,"/Users/samanthasalvador/meet/src/components/CitySearch.jsx": {"path":"/Users/samanthasalvador/meet/src/components/CitySearch.jsx","statementMap":{"0":{"start":{"line":4,"column":19},"end":{"line":54,"column":1}},"1":{"start":{"line":5,"column":48},"end":{"line":5,"column":63}},"2":{"start":{"line":6,"column":28},"end":{"line":6,"column":40}},"3":{"start":{"line":7,"column":40},"end":{"line":7,"column":52}},"4":{"start":{"line":9,"column":29},"end":{"line":20,"column":3}},"5":{"start":{"line":10,"column":18},"end":{"line":10,"column":36}},"6":{"start":{"line":11,"column":30},"end":{"line":16,"column":10}},"7":{"start":{"line":14,"column":10},"end":{"line":14,"column":74}},"8":{"start":{"line":18,"column":4},"end":{"line":18,"column":20}},"9":{"start":{"line":19,"column":4},"end":{"line":19,"column":38}},"10":{"start":{"line":22,"column":28},"end":{"line":26,"column":3}},"11":{"start":{"line":23,"column":18},"end":{"line":23,"column":42}},"12":{"start":{"line":24,"column":4},"end":{"line":24,"column":20}},"13":{"start":{"line":25,"column":4},"end":{"line":25,"column":30}},"14":{"start":{"line":28,"column":2},"end":{"line":53,"column":4}},"15":{"start":{"line":35,"column":23},"end":{"line":35,"column":47}},"16":{"start":{"line":41,"column":12},"end":{"line":45,"column":14}}},"fnMap":{"0":{"name":"(anonymous_0)","decl":{"start":{"line":4,"column":19},"end":{"line":4,"column":20}},"loc":{"start":{"line":4,"column":41},"end":{"line":54,"column":1}},"line":4},"1":{"name":"(anonymous_1)","decl":{"start":{"line":9,"column":29},"end":{"line":9,"column":30}},"loc":{"start":{"line":9,"column":40},"end":{"line":20,"column":3}},"line":9},"2":{"name":"(anonymous_2)","decl":{"start":{"line":13,"column":28},"end":{"line":13,"column":29}},"loc":{"start":{"line":13,"column":42},"end":{"line":15,"column":9}},"line":13},"3":{"name":"(anonymous_3)","decl":{"start":{"line":22,"column":28},"end":{"line":22,"column":29}},"loc":{"start":{"line":22,"column":39},"end":{"line":26,"column":3}},"line":22},"4":{"name":"(anonymous_4)","decl":{"start":{"line":35,"column":17},"end":{"line":35,"column":18}},"loc":{"start":{"line":35,"column":23},"end":{"line":35,"column":47}},"line":35},"5":{"name":"(anonymous_5)","decl":{"start":{"line":40,"column":27},"end":{"line":40,"column":28}},"loc":{"start":{"line":40,"column":43},"end":{"line":46,"column":11}},"line":40}},"branchMap":{"0":{"loc":{"start":{"line":11,"column":30},"end":{"line":16,"column":10}},"type":"cond-expr","locations":[{"start":{"line":13,"column":8},"end":{"line":15,"column":10}},{"start":{"line":16,"column":8},"end":{"line":16,"column":10}}],"line":11},"1":{"loc":{"start":{"line":38,"column":7},"end":{"line":51,"column":14}},"type":"cond-expr","locations":[{"start":{"line":39,"column":8},"end":{"line":50,"column":13}},{"start":{"line":51,"column":10},"end":{"line":51,"column":14}}],"line":38}},"s":{"0":2,"1":26,"2":26,"3":26,"4":26,"5":12,"6":12,"7":24,"8":12,"9":12,"10":26,"11":1,"12":1,"13":1,"14":26,"15":3,"16":12},"f":{"0":26,"1":12,"2":24,"3":1,"4":3,"5":12},"b":{"0":[12,0],"1":[15,11]},"_coverageSchema":"1a1c01bbd47fc00a2c39e90264f33305004495a9","hash":"723318f18e54211cdfa9f66bcb2c9e13c9eb70a7"}
,"/Users/samanthasalvador/meet/src/components/Event.jsx": {"path":"/Users/samanthasalvador/meet/src/components/Event.jsx","statementMap":{"0":{"start":{"line":5,"column":14},"end":{"line":19,"column":1}},"1":{"start":{"line":6,"column":40},"end":{"line":6,"column":55}},"2":{"start":{"line":8,"column":2},"end":{"line":18,"column":4}},"3":{"start":{"line":14,"column":29},"end":{"line":14,"column":57}}},"fnMap":{"0":{"name":"(anonymous_0)","decl":{"start":{"line":5,"column":14},"end":{"line":5,"column":15}},"loc":{"start":{"line":5,"column":29},"end":{"line":19,"column":1}},"line":5},"1":{"name":"(anonymous_1)","decl":{"start":{"line":14,"column":23},"end":{"line":14,"column":24}},"loc":{"start":{"line":14,"column":29},"end":{"line":14,"column":57}},"line":14}},"branchMap":{"0":{"loc":{"start":{"line":13,"column":7},"end":{"line":13,"column":74}},"type":"cond-expr","locations":[{"start":{"line":13,"column":21},"end":{"line":13,"column":67}},{"start":{"line":13,"column":70},"end":{"line":13,"column":74}}],"line":13},"1":{"loc":{"start":{"line":15,"column":9},"end":{"line":15,"column":54}},"type":"cond-expr","locations":[{"start":{"line":15,"column":23},"end":{"line":15,"column":37}},{"start":{"line":15,"column":40},"end":{"line":15,"column":54}}],"line":15}},"s":{"0":3,"1":45,"2":45,"3":3},"f":{"0":45,"1":3},"b":{"0":[2,43],"1":[2,43]},"_coverageSchema":"1a1c01bbd47fc00a2c39e90264f33305004495a9","hash":"720f4bb11e37fc885926d695a19afd5f4ff5860f"}
,"/Users/samanthasalvador/meet/src/components/EventList.jsx": {"path":"/Users/samanthasalvador/meet/src/components/EventList.jsx","statementMap":{"0":{"start":{"line":6,"column":18},"end":{"line":14,"column":1}},"1":{"start":{"line":7,"column":2},"end":{"line":13,"column":4}},"2":{"start":{"line":10,"column":32},"end":{"line":10,"column":70}}},"fnMap":{"0":{"name":"(anonymous_0)","decl":{"start":{"line":6,"column":18},"end":{"line":6,"column":19}},"loc":{"start":{"line":6,"column":34},"end":{"line":14,"column":1}},"line":6},"1":{"name":"(anonymous_1)","decl":{"start":{"line":10,"column":21},"end":{"line":10,"column":22}},"loc":{"start":{"line":10,"column":32},"end":{"line":10,"column":70}},"line":10}},"branchMap":{"0":{"loc":{"start":{"line":9,"column":7},"end":{"line":11,"column":14}},"type":"cond-expr","locations":[{"start":{"line":10,"column":10},"end":{"line":10,"column":71}},{"start":{"line":11,"column":10},"end":{"line":11,"column":14}}],"line":9}},"s":{"0":2,"1":6,"2":35},"f":{"0":6,"1":35},"b":{"0":[1,5]},"_coverageSchema":"1a1c01bbd47fc00a2c39e90264f33305004495a9","hash":"d28ba73bdafb8c50578ae42710583f99c0b7ad7b"}
,"/Users/samanthasalvador/meet/src/components/NumberOfEvents.jsx": {"path":"/Users/samanthasalvador/meet/src/components/NumberOfEvents.jsx","statementMap":{"0":{"start":{"line":4,"column":23},"end":{"line":24,"column":1}},"1":{"start":{"line":5,"column":30},"end":{"line":5,"column":42}},"2":{"start":{"line":7,"column":29},"end":{"line":10,"column":3}},"3":{"start":{"line":8,"column":18},"end":{"line":8,"column":36}},"4":{"start":{"line":9,"column":4},"end":{"line":9,"column":21}},"5":{"start":{"line":12,"column":2},"end":{"line":23,"column":4}}},"fnMap":{"0":{"name":"(anonymous_0)","decl":{"start":{"line":4,"column":23},"end":{"line":4,"column":24}},"loc":{"start":{"line":4,"column":31},"end":{"line":24,"column":1}},"line":4},"1":{"name":"(anonymous_1)","decl":{"start":{"line":7,"column":29},"end":{"line":7,"column":30}},"loc":{"start":{"line":7,"column":40},"end":{"line":10,"column":3}},"line":7}},"branchMap":{},"s":{"0":2,"1":10,"2":10,"3":4,"4":4,"5":10},"f":{"0":10,"1":4},"b":{},"_coverageSchema":"1a1c01bbd47fc00a2c39e90264f33305004495a9","hash":"d78dec073abef42f60a08af492760b7be1b54829"}
}
