{"/Users/samanthasalvador/meet/src/App.jsx": {"path":"/Users/samanthasalvador/meet/src/App.jsx","statementMap":{"0":{"start":{"line":9,"column":12},"end":{"line":37,"column":1}},"1":{"start":{"line":10,"column":42},"end":{"line":10,"column":54}},"2":{"start":{"line":11,"column":38},"end":{"line":11,"column":50}},"3":{"start":{"line":12,"column":30},"end":{"line":12,"column":42}},"4":{"start":{"line":13,"column":40},"end":{"line":13,"column":66}},"5":{"start":{"line":15,"column":20},"end":{"line":23,"column":3}},"6":{"start":{"line":16,"column":22},"end":{"line":16,"column":39}},"7":{"start":{"line":19,"column":6},"end":{"line":19,"column":112}},"8":{"start":{"line":19,"column":81},"end":{"line":19,"column":111}},"9":{"start":{"line":21,"column":4},"end":{"line":21,"column":51}},"10":{"start":{"line":22,"column":4},"end":{"line":22,"column":49}},"11":{"start":{"line":25,"column":2},"end":{"line":28,"column":20}},"12":{"start":{"line":26,"column":4},"end":{"line":26,"column":16}},"13":{"start":{"line":30,"column":2},"end":{"line":36,"column":4}}},"fnMap":{"0":{"name":"(anonymous_0)","decl":{"start":{"line":9,"column":12},"end":{"line":9,"column":13}},"loc":{"start":{"line":9,"column":18},"end":{"line":37,"column":1}},"line":9},"1":{"name":"(anonymous_1)","decl":{"start":{"line":15,"column":20},"end":{"line":15,"column":21}},"loc":{"start":{"line":15,"column":32},"end":{"line":23,"column":3}},"line":15},"2":{"name":"(anonymous_2)","decl":{"start":{"line":19,"column":70},"end":{"line":19,"column":71}},"loc":{"start":{"line":19,"column":81},"end":{"line":19,"column":111}},"line":19},"3":{"name":"(anonymous_3)","decl":{"start":{"line":25,"column":12},"end":{"line":25,"column":13}},"loc":{"start":{"line":25,"column":18},"end":{"line":28,"column":3}},"line":25}},"branchMap":{"0":{"loc":{"start":{"line":19,"column":6},"end":{"line":19,"column":112}},"type":"cond-expr","locations":[{"start":{"line":19,"column":41},"end":{"line":19,"column":50}},{"start":{"line":19,"column":53},"end":{"line":19,"column":112}}],"line":19}},"s":{"0":3,"1":12,"2":11,"3":11,"4":11,"5":11,"6":7,"7":7,"8":35,"9":7,"10":7,"11":11,"12":7,"13":11},"f":{"0":12,"1":7,"2":35,"3":7},"b":{"0":[6,1]},"_coverageSchema":"1a1c01bbd47fc00a2c39e90264f33305004495a9","hash":"bfecc95beafcb8cdbb444fa99b9c804285f7dd7f"}
,"/Users/samanthasalvador/meet/src/api.js": {"path":"/Users/samanthasalvador/meet/src/api.js","statementMap":{"0":{"start":{"line":5,"column":32},"end":{"line":9,"column":1}},"1":{"start":{"line":6,"column":29},"end":{"line":6,"column":66}},"2":{"start":{"line":6,"column":51},"end":{"line":6,"column":65}},"3":{"start":{"line":7,"column":20},"end":{"line":7,"column":52}},"4":{"start":{"line":8,"column":2},"end":{"line":8,"column":19}},"5":{"start":{"line":12,"column":19},"end":{"line":16,"column":1}},"6":{"start":{"line":13,"column":19},"end":{"line":13,"column":108}},"7":{"start":{"line":14,"column":17},"end":{"line":14,"column":38}},"8":{"start":{"line":15,"column":2},"end":{"line":15,"column":16}},"9":{"start":{"line":19,"column":25},"end":{"line":21,"column":1}},"10":{"start":{"line":20,"column":2},"end":{"line":20,"column":18}},"11":{"start":{"line":23,"column":30},"end":{"line":42,"column":1}},"12":{"start":{"line":24,"column":22},"end":{"line":24,"column":58}},"13":{"start":{"line":27,"column":21},"end":{"line":27,"column":67}},"14":{"start":{"line":29,"column":2},"end":{"line":40,"column":3}},"15":{"start":{"line":30,"column":4},"end":{"line":30,"column":50}},"16":{"start":{"line":31,"column":25},"end":{"line":31,"column":68}},"17":{"start":{"line":32,"column":17},"end":{"line":32,"column":47}},"18":{"start":{"line":33,"column":4},"end":{"line":38,"column":5}},"19":{"start":{"line":34,"column":23},"end":{"line":34,"column":116}},"20":{"start":{"line":35,"column":21},"end":{"line":35,"column":42}},"21":{"start":{"line":36,"column":26},"end":{"line":36,"column":32}},"22":{"start":{"line":37,"column":6},"end":{"line":37,"column":46}},"23":{"start":{"line":39,"column":4},"end":{"line":39,"column":34}},"24":{"start":{"line":41,"column":2},"end":{"line":41,"column":21}}},"fnMap":{"0":{"name":"(anonymous_0)","decl":{"start":{"line":5,"column":32},"end":{"line":5,"column":33}},"loc":{"start":{"line":5,"column":44},"end":{"line":9,"column":1}},"line":5},"1":{"name":"(anonymous_1)","decl":{"start":{"line":6,"column":40},"end":{"line":6,"column":41}},"loc":{"start":{"line":6,"column":51},"end":{"line":6,"column":65}},"line":6},"2":{"name":"(anonymous_2)","decl":{"start":{"line":12,"column":19},"end":{"line":12,"column":20}},"loc":{"start":{"line":12,"column":42},"end":{"line":16,"column":1}},"line":12},"3":{"name":"(anonymous_3)","decl":{"start":{"line":19,"column":25},"end":{"line":19,"column":26}},"loc":{"start":{"line":19,"column":37},"end":{"line":21,"column":1}},"line":19},"4":{"name":"(anonymous_4)","decl":{"start":{"line":23,"column":30},"end":{"line":23,"column":31}},"loc":{"start":{"line":23,"column":42},"end":{"line":42,"column":1}},"line":23}},"branchMap":{"0":{"loc":{"start":{"line":27,"column":21},"end":{"line":27,"column":67}},"type":"binary-expr","locations":[{"start":{"line":27,"column":21},"end":{"line":27,"column":32}},{"start":{"line":27,"column":37},"end":{"line":27,"column":66}}],"line":27},"1":{"loc":{"start":{"line":29,"column":2},"end":{"line":40,"column":3}},"type":"if","locations":[{"start":{"line":29,"column":2},"end":{"line":40,"column":3}},{"start":{},"end":{}}],"line":29},"2":{"loc":{"start":{"line":29,"column":6},"end":{"line":29,"column":38}},"type":"binary-expr","locations":[{"start":{"line":29,"column":6},"end":{"line":29,"column":18}},{"start":{"line":29,"column":22},"end":{"line":29,"column":38}}],"line":29},"3":{"loc":{"start":{"line":33,"column":4},"end":{"line":38,"column":5}},"type":"if","locations":[{"start":{"line":33,"column":4},"end":{"line":38,"column":5}},{"start":{},"end":{}}],"line":33},"4":{"loc":{"start":{"line":39,"column":11},"end":{"line":39,"column":33}},"type":"binary-expr","locations":[{"start":{"line":39,"column":11},"end":{"line":39,"column":15}},{"start":{"line":39,"column":19},"end":{"line":39,"column":33}}],"line":39}},"s":{"0":4,"1":10,"2":350,"3":10,"4":10,"5":4,"6":0,"7":0,"8":0,"9":4,"10":19,"11":4,"12":0,"13":0,"14":0,"15":0,"16":0,"17":0,"18":0,"19":0,"20":0,"21":0,"22":0,"23":0,"24":0},"f":{"0":10,"1":350,"2":0,"3":19,"4":0},"b":{"0":[0,0],"1":[0,0],"2":[0,0],"3":[0,0],"4":[0,0]},"_coverageSchema":"1a1c01bbd47fc00a2c39e90264f33305004495a9","hash":"4a3bd349e952bbc82dbf34a890ffa82f8365c3d5"}
,"/Users/samanthasalvador/meet/src/mock-data.js": {"path":"/Users/samanthasalvador/meet/src/mock-data.js","statementMap":{"0":{"start":{"line":1,"column":17},"end":{"line":1437,"column":1}}},"fnMap":{},"branchMap":{},"s":{"0":4},"f":{},"b":{},"_coverageSchema":"1a1c01bbd47fc00a2c39e90264f33305004495a9","hash":"d353b265384de5056d3214d5e2e93973923cea4b"}
,"/Users/samanthasalvador/meet/src/components/CitySearch.jsx": {"path":"/Users/samanthasalvador/meet/src/components/CitySearch.jsx","statementMap":{"0":{"start":{"line":4,"column":19},"end":{"line":60,"column":1}},"1":{"start":{"line":5,"column":48},"end":{"line":5,"column":63}},"2":{"start":{"line":6,"column":28},"end":{"line":6,"column":40}},"3":{"start":{"line":7,"column":40},"end":{"line":7,"column":52}},"4":{"start":{"line":9,"column":2},"end":{"line":12,"column":26}},"5":{"start":{"line":10,"column":4},"end":{"line":10,"column":33}},"6":{"start":{"line":14,"column":29},"end":{"line":25,"column":3}},"7":{"start":{"line":15,"column":18},"end":{"line":15,"column":36}},"8":{"start":{"line":16,"column":30},"end":{"line":21,"column":10}},"9":{"start":{"line":19,"column":10},"end":{"line":19,"column":74}},"10":{"start":{"line":23,"column":4},"end":{"line":23,"column":20}},"11":{"start":{"line":24,"column":4},"end":{"line":24,"column":38}},"12":{"start":{"line":27,"column":28},"end":{"line":32,"column":3}},"13":{"start":{"line":28,"column":18},"end":{"line":28,"column":42}},"14":{"start":{"line":29,"column":4},"end":{"line":29,"column":20}},"15":{"start":{"line":30,"column":4},"end":{"line":30,"column":30}},"16":{"start":{"line":31,"column":4},"end":{"line":31,"column":26}},"17":{"start":{"line":34,"column":2},"end":{"line":59,"column":4}},"18":{"start":{"line":41,"column":23},"end":{"line":41,"column":47}},"19":{"start":{"line":47,"column":12},"end":{"line":51,"column":14}}},"fnMap":{"0":{"name":"(anonymous_0)","decl":{"start":{"line":4,"column":19},"end":{"line":4,"column":20}},"loc":{"start":{"line":4,"column":57},"end":{"line":60,"column":1}},"line":4},"1":{"name":"(anonymous_1)","decl":{"start":{"line":9,"column":12},"end":{"line":9,"column":13}},"loc":{"start":{"line":9,"column":18},"end":{"line":12,"column":3}},"line":9},"2":{"name":"(anonymous_2)","decl":{"start":{"line":14,"column":29},"end":{"line":14,"column":30}},"loc":{"start":{"line":14,"column":40},"end":{"line":25,"column":3}},"line":14},"3":{"name":"(anonymous_3)","decl":{"start":{"line":18,"column":28},"end":{"line":18,"column":29}},"loc":{"start":{"line":18,"column":42},"end":{"line":20,"column":9}},"line":18},"4":{"name":"(anonymous_4)","decl":{"start":{"line":27,"column":28},"end":{"line":27,"column":29}},"loc":{"start":{"line":27,"column":39},"end":{"line":32,"column":3}},"line":27},"5":{"name":"(anonymous_5)","decl":{"start":{"line":41,"column":17},"end":{"line":41,"column":18}},"loc":{"start":{"line":41,"column":23},"end":{"line":41,"column":47}},"line":41},"6":{"name":"(anonymous_6)","decl":{"start":{"line":46,"column":27},"end":{"line":46,"column":28}},"loc":{"start":{"line":46,"column":43},"end":{"line":52,"column":11}},"line":46}},"branchMap":{"0":{"loc":{"start":{"line":16,"column":30},"end":{"line":21,"column":10}},"type":"cond-expr","locations":[{"start":{"line":18,"column":8},"end":{"line":20,"column":10}},{"start":{"line":21,"column":8},"end":{"line":21,"column":10}}],"line":16},"1":{"loc":{"start":{"line":44,"column":7},"end":{"line":57,"column":14}},"type":"cond-expr","locations":[{"start":{"line":45,"column":8},"end":{"line":56,"column":13}},{"start":{"line":57,"column":10},"end":{"line":57,"column":14}}],"line":44}},"s":{"0":3,"1":60,"2":60,"3":60,"4":60,"5":17,"6":60,"7":18,"8":18,"9":36,"10":18,"11":18,"12":60,"13":2,"14":2,"15":2,"16":2,"17":60,"18":5,"19":26},"f":{"0":60,"1":17,"2":18,"3":36,"4":2,"5":5,"6":26},"b":{"0":[18,0],"1":[24,36]},"_coverageSchema":"1a1c01bbd47fc00a2c39e90264f33305004495a9","hash":"7ab4a7298d0c66448e002d6456abf04a4e8f2fc6"}
,"/Users/samanthasalvador/meet/src/components/Event.jsx": {"path":"/Users/samanthasalvador/meet/src/components/Event.jsx","statementMap":{"0":{"start":{"line":5,"column":14},"end":{"line":19,"column":1}},"1":{"start":{"line":6,"column":40},"end":{"line":6,"column":55}},"2":{"start":{"line":8,"column":2},"end":{"line":18,"column":4}},"3":{"start":{"line":14,"column":29},"end":{"line":14,"column":57}}},"fnMap":{"0":{"name":"(anonymous_0)","decl":{"start":{"line":5,"column":14},"end":{"line":5,"column":15}},"loc":{"start":{"line":5,"column":29},"end":{"line":19,"column":1}},"line":5},"1":{"name":"(anonymous_1)","decl":{"start":{"line":14,"column":23},"end":{"line":14,"column":24}},"loc":{"start":{"line":14,"column":29},"end":{"line":14,"column":57}},"line":14}},"branchMap":{"0":{"loc":{"start":{"line":13,"column":7},"end":{"line":13,"column":74}},"type":"cond-expr","locations":[{"start":{"line":13,"column":21},"end":{"line":13,"column":67}},{"start":{"line":13,"column":70},"end":{"line":13,"column":74}}],"line":13},"1":{"loc":{"start":{"line":15,"column":9},"end":{"line":15,"column":54}},"type":"cond-expr","locations":[{"start":{"line":15,"column":23},"end":{"line":15,"column":37}},{"start":{"line":15,"column":40},"end":{"line":15,"column":54}}],"line":15}},"s":{"0":4,"1":190,"2":190,"3":3},"f":{"0":190,"1":3},"b":{"0":[2,188],"1":[2,188]},"_coverageSchema":"1a1c01bbd47fc00a2c39e90264f33305004495a9","hash":"720f4bb11e37fc885926d695a19afd5f4ff5860f"}
,"/Users/samanthasalvador/meet/src/components/EventList.jsx": {"path":"/Users/samanthasalvador/meet/src/components/EventList.jsx","statementMap":{"0":{"start":{"line":6,"column":18},"end":{"line":14,"column":1}},"1":{"start":{"line":7,"column":2},"end":{"line":13,"column":4}},"2":{"start":{"line":10,"column":32},"end":{"line":10,"column":70}}},"fnMap":{"0":{"name":"(anonymous_0)","decl":{"start":{"line":6,"column":18},"end":{"line":6,"column":19}},"loc":{"start":{"line":6,"column":34},"end":{"line":14,"column":1}},"line":6},"1":{"name":"(anonymous_1)","decl":{"start":{"line":10,"column":21},"end":{"line":10,"column":22}},"loc":{"start":{"line":10,"column":32},"end":{"line":10,"column":70}},"line":10}},"branchMap":{"0":{"loc":{"start":{"line":9,"column":7},"end":{"line":11,"column":14}},"type":"cond-expr","locations":[{"start":{"line":10,"column":10},"end":{"line":10,"column":71}},{"start":{"line":11,"column":10},"end":{"line":11,"column":14}}],"line":9}},"s":{"0":3,"1":14,"2":180},"f":{"0":14,"1":180},"b":{"0":[12,2]},"_coverageSchema":"1a1c01bbd47fc00a2c39e90264f33305004495a9","hash":"d28ba73bdafb8c50578ae42710583f99c0b7ad7b"}
,"/Users/samanthasalvador/meet/src/components/NumberOfEvents.jsx": {"path":"/Users/samanthasalvador/meet/src/components/NumberOfEvents.jsx","statementMap":{"0":{"start":{"line":4,"column":23},"end":{"line":24,"column":1}},"1":{"start":{"line":5,"column":30},"end":{"line":5,"column":42}},"2":{"start":{"line":7,"column":29},"end":{"line":10,"column":3}},"3":{"start":{"line":8,"column":18},"end":{"line":8,"column":36}},"4":{"start":{"line":9,"column":4},"end":{"line":9,"column":21}},"5":{"start":{"line":12,"column":2},"end":{"line":23,"column":4}}},"fnMap":{"0":{"name":"(anonymous_0)","decl":{"start":{"line":4,"column":23},"end":{"line":4,"column":24}},"loc":{"start":{"line":4,"column":31},"end":{"line":24,"column":1}},"line":4},"1":{"name":"(anonymous_1)","decl":{"start":{"line":7,"column":29},"end":{"line":7,"column":30}},"loc":{"start":{"line":7,"column":40},"end":{"line":10,"column":3}},"line":7}},"branchMap":{},"s":{"0":4,"1":18,"2":18,"3":4,"4":4,"5":18},"f":{"0":18,"1":4},"b":{},"_coverageSchema":"1a1c01bbd47fc00a2c39e90264f33305004495a9","hash":"d78dec073abef42f60a08af492760b7be1b54829"}
}
