TN:
SF:src/App.jsx
FN:7,(anonymous_0)
FNF:1
FNH:1
FNDA:3,(anonymous_0)
DA:7,1
DA:8,3
LF:2
LH:2
BRF:0
BRH:0
end_of_record
TN:
SF:src/api.js
FN:5,(anonymous_0)
FN:6,(anonymous_1)
FN:12,(anonymous_2)
FNF:3
FNH:3
FNDA:2,(anonymous_0)
FNDA:70,(anonymous_1)
FNDA:10,(anonymous_2)
DA:5,4
DA:6,70
DA:7,2
DA:8,2
DA:12,4
DA:13,10
LF:6
LH:6
BRF:0
BRH:0
end_of_record
TN:
SF:src/mock-data.js
FNF:0
FNH:0
DA:1,4
LF:1
LH:1
BRF:0
BRH:0
end_of_record
TN:
SF:src/components/CitySearch.jsx
FN:4,(anonymous_0)
FN:9,(anonymous_1)
FN:13,(anonymous_2)
FN:22,(anonymous_3)
FN:35,(anonymous_4)
FN:40,(anonymous_5)
FNF:6
FNH:6
FNDA:26,(anonymous_0)
FNDA:12,(anonymous_1)
FNDA:24,(anonymous_2)
FNDA:1,(anonymous_3)
FNDA:3,(anonymous_4)
FNDA:12,(anonymous_5)
DA:4,2
DA:5,26
DA:6,26
DA:7,26
DA:9,26
DA:10,12
DA:11,12
DA:14,24
DA:18,12
DA:19,12
DA:22,26
DA:23,1
DA:24,1
DA:25,1
DA:28,26
DA:35,3
DA:41,12
LF:17
LH:17
BRDA:11,0,0,12
BRDA:11,0,1,0
BRDA:38,1,0,15
BRDA:38,1,1,11
BRF:4
BRH:3
end_of_record
TN:
SF:src/components/Event.jsx
FN:5,(anonymous_0)
FN:14,(anonymous_1)
FNF:2
FNH:2
FNDA:45,(anonymous_0)
FNDA:3,(anonymous_1)
DA:5,3
DA:6,45
DA:8,45
DA:14,3
LF:4
LH:4
BRDA:13,0,0,2
BRDA:13,0,1,43
BRDA:15,1,0,2
BRDA:15,1,1,43
BRF:4
BRH:4
end_of_record
TN:
SF:src/components/EventList.jsx
FN:6,(anonymous_0)
FN:10,(anonymous_1)
FNF:2
FNH:2
FNDA:6,(anonymous_0)
FNDA:35,(anonymous_1)
DA:6,2
DA:7,6
DA:10,35
LF:3
LH:3
BRDA:9,0,0,1
BRDA:9,0,1,5
BRF:2
BRH:2
end_of_record
TN:
SF:src/components/NumberOfEvents.jsx
FN:4,(anonymous_0)
FN:7,(anonymous_1)
FNF:2
FNH:2
FNDA:10,(anonymous_0)
FNDA:4,(anonymous_1)
DA:4,2
DA:5,10
DA:7,10
DA:8,4
DA:9,4
DA:12,10
LF:6
LH:6
BRF:0
BRH:0
end_of_record
