TN:
SF:src/App.jsx
FN:14,(anonymous_0)
FN:23,(anonymous_1)
FN:27,(anonymous_2)
FN:33,(anonymous_3)
FNF:4
FNH:4
FNDA:54,(anonymous_0)
FNDA:23,(anonymous_1)
FNDA:70,(anonymous_2)
FNDA:23,(anonymous_3)
DA:14,7
DA:15,54
DA:16,51
DA:17,51
DA:18,51
DA:19,51
DA:20,51
DA:21,51
DA:23,51
DA:24,23
DA:27,70
DA:29,23
DA:30,23
DA:33,51
DA:34,23
DA:35,23
DA:37,0
DA:40,23
DA:44,51
LF:19
LH:18
BRDA:27,0,0,21
BRDA:27,0,1,2
BRDA:34,1,0,23
BRDA:34,1,1,0
BRDA:48,2,0,0
BRDA:48,2,1,51
BRDA:49,3,0,0
BRDA:49,3,1,51
BRDA:50,4,0,0
BRDA:50,4,1,51
BRF:10
BRH:6
end_of_record
TN:
SF:src/api.js
FN:5,(anonymous_0)
FN:6,(anonymous_1)
FN:12,(anonymous_2)
FN:18,(anonymous_3)
FN:30,(anonymous_4)
FN:65,(anonymous_5)
FN:82,(anonymous_6)
FNF:7
FNH:3
FNDA:26,(anonymous_0)
FNDA:910,(anonymous_1)
FNDA:0,(anonymous_2)
FNDA:0,(anonymous_3)
FNDA:36,(anonymous_4)
FNDA:0,(anonymous_5)
FNDA:0,(anonymous_6)
DA:5,8
DA:6,910
DA:7,26
DA:8,26
DA:12,8
DA:13,0
DA:14,0
DA:15,0
DA:18,8
DA:20,0
DA:21,0
DA:22,0
DA:24,0
DA:25,0
DA:30,8
DA:31,36
DA:32,36
DA:35,0
DA:36,0
DA:37,0
DA:40,0
DA:42,0
DA:43,0
DA:44,0
DA:45,0
DA:46,0
DA:47,0
DA:48,0
DA:49,0
DA:50,0
DA:65,8
DA:66,0
DA:67,0
DA:68,0
DA:71,0
DA:72,0
DA:74,0
DA:75,0
DA:76,0
DA:78,0
DA:82,8
DA:83,0
DA:86,0
DA:88,0
DA:89,0
DA:90,0
DA:91,0
DA:92,0
DA:93,0
DA:94,0
DA:95,0
DA:96,0
DA:98,0
DA:100,0
LF:54
LH:11
BRDA:20,0,0,0
BRDA:20,0,1,0
BRDA:20,1,0,0
BRDA:20,1,1,0
BRDA:31,2,0,36
BRDA:31,2,1,0
BRDA:35,3,0,0
BRDA:35,3,1,0
BRDA:37,4,0,0
BRDA:37,4,1,0
BRDA:42,5,0,0
BRDA:42,5,1,0
BRDA:47,6,0,0
BRDA:47,6,1,0
BRDA:71,7,0,0
BRDA:71,7,1,0
BRDA:75,8,0,0
BRDA:75,8,1,0
BRDA:86,9,0,0
BRDA:86,9,1,0
BRDA:88,10,0,0
BRDA:88,10,1,0
BRDA:88,11,0,0
BRDA:88,11,1,0
BRDA:92,12,0,0
BRDA:92,12,1,0
BRDA:98,13,0,0
BRDA:98,13,1,0
BRF:28
BRH:1
end_of_record
TN:
SF:src/mock-data.js
FNF:0
FNH:0
DA:1,8
LF:1
LH:1
BRF:0
BRH:0
end_of_record
TN:
SF:src/components/Alert.jsx
FN:4,(anonymous_0)
FN:10,(anonymous_1)
FN:26,(anonymous_2)
FN:36,(anonymous_3)
FN:44,(anonymous_4)
FN:52,(anonymous_5)
FNF:6
FNH:0
FNDA:0,(anonymous_0)
FNDA:0,(anonymous_1)
FNDA:0,(anonymous_2)
FNDA:0,(anonymous_3)
FNDA:0,(anonymous_4)
FNDA:0,(anonymous_5)
DA:5,0
DA:6,0
DA:7,0
DA:10,0
DA:11,0
DA:27,0
DA:37,0
DA:38,0
DA:39,0
DA:45,0
DA:46,0
DA:47,0
DA:53,0
DA:54,0
DA:55,0
LF:15
LH:0
BRF:0
BRH:0
end_of_record
TN:
SF:src/components/CityEventsChart.jsx
FN:5,(anonymous_0)
FN:8,(anonymous_1)
FN:12,(anonymous_2)
FN:13,(anonymous_3)
FN:14,(anonymous_4)
FNF:5
FNH:5
FNDA:77,(anonymous_0)
FNDA:35,(anonymous_1)
FNDA:35,(anonymous_2)
FNDA:40,(anonymous_3)
FNDA:892,(anonymous_4)
DA:5,7
DA:6,77
DA:8,77
DA:9,35
DA:12,77
DA:13,35
DA:14,892
DA:15,40
DA:16,40
DA:18,35
DA:21,77
LF:11
LH:11
BRF:0
BRH:0
end_of_record
TN:
SF:src/components/CitySearch.jsx
FN:4,(anonymous_0)
FN:9,(anonymous_1)
FN:14,(anonymous_2)
FN:18,(anonymous_3)
FN:35,(anonymous_4)
FN:50,(anonymous_5)
FN:55,(anonymous_6)
FNF:7
FNH:7
FNDA:121,(anonymous_0)
FNDA:34,(anonymous_1)
FNDA:30,(anonymous_2)
FNDA:60,(anonymous_3)
FNDA:3,(anonymous_4)
FNDA:7,(anonymous_5)
FNDA:42,(anonymous_6)
DA:4,7
DA:5,121
DA:6,121
DA:7,121
DA:9,121
DA:10,34
DA:14,121
DA:15,30
DA:16,30
DA:19,60
DA:23,30
DA:24,30
DA:27,30
DA:28,0
DA:30,30
DA:32,30
DA:35,121
DA:36,3
DA:37,3
DA:38,3
DA:39,3
DA:40,3
DA:43,121
DA:50,7
DA:56,42
LF:25
LH:24
BRDA:16,0,0,30
BRDA:16,0,1,0
BRDA:27,1,0,0
BRDA:27,1,1,30
BRDA:53,2,0,37
BRDA:53,2,1,84
BRF:6
BRH:4
end_of_record
TN:
SF:src/components/Event.jsx
FN:3,(anonymous_0)
FN:12,(anonymous_1)
FNF:2
FNH:2
FNDA:630,(anonymous_0)
FNDA:6,(anonymous_1)
DA:3,8
DA:4,630
DA:6,630
DA:12,6
LF:4
LH:4
BRDA:11,0,0,4
BRDA:11,0,1,626
BRDA:13,1,0,4
BRDA:13,1,1,626
BRF:4
BRH:4
end_of_record
TN:
SF:src/components/EventGenresChart.jsx
FN:5,(anonymous_0)
FN:9,(anonymous_1)
FN:14,(anonymous_2)
FN:15,(anonymous_3)
FN:16,(anonymous_4)
FN:25,(anonymous_5)
FNF:6
FNH:5
FNDA:77,(anonymous_0)
FNDA:35,(anonymous_1)
FNDA:35,(anonymous_2)
FNDA:175,(anonymous_3)
FNDA:2230,(anonymous_4)
FNDA:0,(anonymous_5)
DA:5,7
DA:6,77
DA:7,77
DA:9,77
DA:10,35
DA:14,77
DA:15,35
DA:16,2230
DA:17,175
DA:22,35
DA:25,77
DA:26,0
DA:27,0
DA:28,0
DA:29,0
DA:30,0
DA:37,77
LF:17
LH:12
BRDA:5,0,0,0
BRDA:30,1,0,0
BRDA:30,1,1,0
BRDA:31,2,0,0
BRDA:31,2,1,0
BRF:5
BRH:0
end_of_record
TN:
SF:src/components/EventList.jsx
FN:4,(anonymous_0)
FN:5,(anonymous_1)
FNF:2
FNH:2
FNDA:46,(anonymous_0)
FNDA:617,(anonymous_1)
DA:4,7
DA:5,617
LF:2
LH:2
BRDA:5,0,0,44
BRDA:5,0,1,2
BRF:2
BRH:2
end_of_record
TN:
SF:src/components/NumberOfEvents.jsx
FN:4,(anonymous_0)
FN:7,(anonymous_1)
FNF:2
FNH:2
FNDA:52,(anonymous_0)
FNDA:12,(anonymous_1)
DA:4,7
DA:5,52
DA:7,52
DA:8,12
DA:9,12
DA:13,12
DA:14,3
DA:15,9
DA:16,0
DA:18,9
DA:19,9
DA:22,12
DA:25,52
LF:13
LH:12
BRDA:13,0,0,3
BRDA:13,0,1,9
BRDA:15,1,0,0
BRDA:15,1,1,9
BRDA:15,2,0,9
BRDA:15,2,1,9
BRF:6
BRH:5
end_of_record
